<?xml version="1.0" encoding="UTF-8"?>
<testng-results ignored="0" total="1" passed="1" failed="0" skipped="0">
  <reporter-output>
  </reporter-output>
  <suite started-at="2018-10-14T10:32:01Z" name="Default suite" finished-at="2018-10-14T10:32:33Z" duration-ms="32445">
    <groups>
    </groups>
    <test started-at="2018-10-14T10:32:01Z" name="Default test" finished-at="2018-10-14T10:32:33Z" duration-ms="32445">
      <class name="test.LoginTest">
        <test-method is-config="true" signature="PreCondition()[pri:0, instance:test.LoginTest@37271612]" started-at="2018-10-14T10:32:01Z" name="PreCondition" finished-at="2018-10-14T10:32:27Z" duration-ms="26619" status="PASS">
          <reporter-output>
          </reporter-output>
        </test-method> <!-- PreCondition -->
        <test-method signature="test_Home_Page_Appear_Correct()[pri:0, instance:test.LoginTest@37271612]" started-at="2018-10-14T10:32:27Z" name="test_Home_Page_Appear_Correct" finished-at="2018-10-14T10:32:32Z" duration-ms="4686" status="PASS">
          <reporter-output>
          </reporter-output>
        </test-method> <!-- test_Home_Page_Appear_Correct -->
        <test-method is-config="true" signature="PostCondition()[pri:0, instance:test.LoginTest@37271612]" started-at="2018-10-14T10:32:32Z" name="PostCondition" finished-at="2018-10-14T10:32:33Z" duration-ms="1072" status="PASS">
          <reporter-output>
          </reporter-output>
        </test-method> <!-- PostCondition -->
      </class> <!-- test.LoginTest -->
    </test> <!-- Default test -->
  </suite> <!-- Default suite -->
</testng-results>
