<?xml version="1.0" encoding="UTF-8"?>
<!-- Generated by org.testng.reporters.JUnitXMLReporter -->
<testsuite ignored="0" hostname="ES-SL-L0024" failures="0" tests="3" name="Test" time="48.765" errors="0" timestamp="13 Oct 2018 17:45:21 GMT">
  <testcase classname="test.FormFiller_Excel" name="SignUpUserForm_guru99insurance" time="9.105"/>
  <testcase classname="test.FormFiller_Json" name="SignUpUserForm_guru99insurance" time="0.027"/>
  <testcase classname="test.FormFiller_XML" name="SignUpUserForm_guru99insurance" time="0.02"/>
</testsuite> <!-- Test -->
